0 info it worked if it ends with ok
1 verbose cli [ 'c:\\Users\\Aluno\\Desktop\\nodejs\\\\node.exe',
1 verbose cli   'c:\\Users\\Aluno\\Desktop\\nodejs\\node_modules\\npm\\bin\\npm-cli.js',
1 verbose cli   'install',
1 verbose cli   'socket.io',
1 verbose cli   '--save' ]
2 info using npm@1.4.28
3 info using node@v0.10.35
4 verbose node symlink c:\Users\Aluno\Desktop\nodejs\\node.exe
5 error Failed to parse json
5 error Unexpected token }
6 error File: C:\Users\Aluno\Desktop\wareztogether-chrome-extension-master\server\package.json
7 error Failed to parse package.json data.
7 error package.json must be actual JSON, not just JavaScript.
7 error
7 error This is not a bug in npm.
7 error Tell the package author to fix their package.json file. JSON.parse
8 error System Windows_NT 6.1.7600
9 error command "c:\\Users\\Aluno\\Desktop\\nodejs\\\\node.exe" "c:\\Users\\Aluno\\Desktop\\nodejs\\node_modules\\npm\\bin\\npm-cli.js" "install" "socket.io" "--save"
10 error cwd C:\Users\Aluno\Desktop\wareztogether-chrome-extension-master\server
11 error node -v v0.10.35
12 error npm -v 1.4.28
13 error file C:\Users\Aluno\Desktop\wareztogether-chrome-extension-master\server\package.json
14 error code EJSONPARSE
15 verbose exit [ 1, true ]
